<?xml version="1.0" encoding="UTF-8"?>
<testsuite xmlns:xsi="http://www.w3.org/2001/XMLSchema-instance" xsi:noNamespaceSchemaLocation="https://maven.apache.org/surefire/maven-surefire-plugin/xsd/surefire-test-report-3.0.xsd" version="3.0" name="com.localhost.pitchperfect.infrastructure.persistence.ChatMessageJpaRepositoryTest" time="4.47" tests="3" errors="0" skipped="0" failures="0">
  <properties>
[...]
</properties>
  <testcase name="findTop50ByRoomIdOrderByTimestampDesc_shouldReturnLimitedMessages" classname="com.localhost.pitchperfect.infrastructure.persistence.ChatMessageJpaRepositoryTest" time="0.135">
    <system-out><![CDATA[15:44:17.432 [main] INFO org.springframework.test.context.support.AnnotationConfigContextLoaderUtils -- Could not detect default configuration classes for test class [com.localhost.pitchperfect.infrastructure.persistence.ChatMessageJpaRepositoryTest]: ChatMessageJpaRepositoryTest does not declare any static, non-private, non-final, nested classes annotated with @Configuration.
15:44:17.579 [main] INFO org.springframework.boot.test.context.SpringBootTestContextBootstrapper -- Found @SpringBootConfiguration com.localhost.pitchperfect.PitchPerfectApplication for test class com.localhost.pitchperfect.infrastructure.persistence.ChatMessageJpaRepositoryTest

  .   ____          _            __ _ _
 /\\ / ___'_ __ _ _(_)_ __  __ _ \ \ \ \
( ( )\___ | '_ | '_| | '_ \/ _` | \ \ \ \
 \\/  ___)| |_)| | | | | || (_| |  ) ) ) )
  '  |____| .__|_| |_|_| |_\__, | / / / /
 =========|_|==============|___/=/_/_/_/
 :: Spring Boot ::                (v3.1.5)

2025-05-18T15:44:18.787-04:00  INFO 9024 --- [           main] c.l.p.i.p.ChatMessageJpaRepositoryTest   : Starting ChatMessageJpaRepositoryTest using Java 17.0.15 with PID 9024 (started by ubuntu in /home/ubuntu/projects/pitch-perfect-football-app)
2025-05-18T15:44:18.788-04:00  INFO 9024 --- [           main] c.l.p.i.p.ChatMessageJpaRepositoryTest   : The following 1 profile is active: "test"
2025-05-18T15:44:19.267-04:00  INFO 9024 --- [           main] .s.d.r.c.RepositoryConfigurationDelegate : Multiple Spring Data modules found, entering strict repository configuration mode
2025-05-18T15:44:19.269-04:00  INFO 9024 --- [           main] .s.d.r.c.RepositoryConfigurationDelegate : Bootstrapping Spring Data JPA repositories in DEFAULT mode.
2025-05-18T15:44:19.421-04:00  INFO 9024 --- [           main] .s.d.r.c.RepositoryConfigurationDelegate : Finished Spring Data repository scanning in 145 ms. Found 5 JPA repository interfaces.
2025-05-18T15:44:19.473-04:00  INFO 9024 --- [           main] beddedDataSourceBeanFactoryPostProcessor : Replacing 'dataSource' DataSource bean with embedded version
2025-05-18T15:44:19.714-04:00  INFO 9024 --- [           main] o.s.j.d.e.EmbeddedDatabaseFactory        : Starting embedded database: url='jdbc:h2:mem:a18bd1cb-894b-4eb5-91c6-7d19e41e8c19;DB_CLOSE_DELAY=-1;DB_CLOSE_ON_EXIT=false', username='sa'
2025-05-18T15:44:19.926-04:00  INFO 9024 --- [           main] o.f.c.internal.license.VersionPrinter    : Flyway Community Edition 9.16.3 by Redgate
2025-05-18T15:44:19.927-04:00  INFO 9024 --- [           main] o.f.c.internal.license.VersionPrinter    : See release notes here: https://rd.gt/416ObMi
2025-05-18T15:44:19.927-04:00  INFO 9024 --- [           main] o.f.c.internal.license.VersionPrinter    : 
2025-05-18T15:44:19.940-04:00  INFO 9024 --- [           main] o.f.c.i.database.base.BaseDatabaseType   : Database: jdbc:h2:mem:a18bd1cb-894b-4eb5-91c6-7d19e41e8c19 (H2 2.1)
2025-05-18T15:44:19.987-04:00  INFO 9024 --- [           main] o.f.c.i.s.JdbcTableSchemaHistory         : Schema history table "PUBLIC"."flyway_schema_history" does not exist yet
2025-05-18T15:44:19.989-04:00  INFO 9024 --- [           main] o.f.core.internal.command.DbValidate     : Successfully validated 0 migrations (execution time 00:00.005s)
2025-05-18T15:44:19.989-04:00  WARN 9024 --- [           main] o.f.core.internal.command.DbValidate     : No migrations found. Are your locations set up correctly?
2025-05-18T15:44:20.003-04:00  INFO 9024 --- [           main] o.f.c.i.s.JdbcTableSchemaHistory         : Creating Schema History table "PUBLIC"."flyway_schema_history" ...
2025-05-18T15:44:20.027-04:00  INFO 9024 --- [           main] o.f.core.internal.command.DbMigrate      : Current version of schema "PUBLIC": << Empty Schema >>
2025-05-18T15:44:20.028-04:00  INFO 9024 --- [           main] o.f.core.internal.command.DbMigrate      : Schema "PUBLIC" is up to date. No migration necessary.
2025-05-18T15:44:20.108-04:00  INFO 9024 --- [           main] o.hibernate.jpa.internal.util.LogHelper  : HHH000204: Processing PersistenceUnitInfo [name: default]
2025-05-18T15:44:20.149-04:00  INFO 9024 --- [           main] org.hibernate.Version                    : HHH000412: Hibernate ORM core version 6.2.13.Final
2025-05-18T15:44:20.151-04:00  INFO 9024 --- [           main] org.hibernate.cfg.Environment            : HHH000406: Using bytecode reflection optimizer
2025-05-18T15:44:20.288-04:00  INFO 9024 --- [           main] o.s.o.j.p.SpringPersistenceUnitInfo      : No LoadTimeWeaver setup: ignoring JPA class transformer
2025-05-18T15:44:21.020-04:00  INFO 9024 --- [           main] o.h.e.t.j.p.i.JtaPlatformInitiator       : HHH000489: No JTA platform available (set 'hibernate.transaction.jta.platform' to enable JTA platform integration)
2025-05-18T15:44:21.023-04:00  INFO 9024 --- [           main] j.LocalContainerEntityManagerFactoryBean : Initialized JPA EntityManagerFactory for persistence unit 'default'
2025-05-18T15:44:21.561-04:00  INFO 9024 --- [           main] c.l.p.i.p.ChatMessageJpaRepositoryTest   : Started ChatMessageJpaRepositoryTest in 3.106 seconds (process running for 4.961)
]]></system-out>
  </testcase>
  <testcase name="findByRoomIdOrderByTimestampAsc_shouldReturnMessagesInOrder" classname="com.localhost.pitchperfect.infrastructure.persistence.ChatMessageJpaRepositoryTest" time="0.016"/>
  <testcase name="deleteByRoomId_shouldDeleteAllMessagesInRoom" classname="com.localhost.pitchperfect.infrastructure.persistence.ChatMessageJpaRepositoryTest" time="0.007"/>
</testsuite>